<?xml version="1.0" encoding="UTF-8"?>
<!-- Generated by org.testng.reporters.JUnitReportReporter -->
<testsuite hostname="DESKTOP-22KF3O9" failures="0" tests="2" name="testHomePage.TestHomePage" time="72.175" errors="0" timestamp="2020-02-19T23:31:46 EST" skipped="0">
  <testcase classname="testHomePage.TestHomePage" name="testHomePageDemo" time="29.072"/>
  <system-out/>
  <testcase classname="testHomePage.TestHomePage" name="testHomePageSearchbar" time="43.103"/>
  <system-out/>
</testsuite> <!-- testHomePage.TestHomePage -->
